<testsuites id="" name="" tests="4" failures="2" skipped="0" errors="0" time="10.980867">
<testsuite name="error-reports-list-integration.spec.ts" timestamp="2025-09-05T14:43:03.184Z" hostname="chromium" tests="4" failures="2" skipped="0" time="23.822" errors="0">
<testcase name="Error Reports List Integration Tests › should load error reports list successfully" classname="error-reports-list-integration.spec.ts" time="4.604">
<failure message="error-reports-list-integration.spec.ts:239:3 should load error reports list successfully" type="FAILURE">
<![CDATA[  [chromium] › error-reports-list-integration.spec.ts:239:3 › Error Reports List Integration Tests › should load error reports list successfully 

    Error: ❌ No reports content found and no empty state message

      265 |         console.log('✅ Empty state displayed correctly');
      266 |       } else {
    > 267 |         throw new Error('❌ No reports content found and no empty state message');
          |               ^
      268 |       }
      269 |     } else {
      270 |       console.log('✅ Reports content found successfully');
        at /home/tan/Documents/augment-projects/rag-interface/frontend/e2e/error-reports-list-integration.spec.ts:267:15

    attachment #1: screenshot (image/png) ──────────────────────────────────────────────────────────
    ../test-results/error-reports-list-integra-a704b-r-reports-list-successfully-chromium/test-failed-1.png
    ────────────────────────────────────────────────────────────────────────────────────────────────

    attachment #2: video (video/webm) ──────────────────────────────────────────────────────────────
    ../test-results/error-reports-list-integra-a704b-r-reports-list-successfully-chromium/video.webm
    ────────────────────────────────────────────────────────────────────────────────────────────────
]]>
</failure>
<system-out>
<![CDATA[🔐 Setting up authentication...
✅ Authentication setup complete
🧪 Testing: Error reports list loading...
✅ No errors detected during test execution

[[ATTACHMENT|../test-results/error-reports-list-integra-a704b-r-reports-list-successfully-chromium/test-failed-1.png]]

[[ATTACHMENT|../test-results/error-reports-list-integra-a704b-r-reports-list-successfully-chromium/video.webm]]
]]>
</system-out>
</testcase>
<testcase name="Error Reports List Integration Tests › should filter by new bucket types correctly" classname="error-reports-list-integration.spec.ts" time="4.682">
<system-out>
<![CDATA[🔐 Setting up authentication...
✅ Authentication setup complete
🧪 Testing: Bucket type filtering...
🔍 Testing filter: NO_TOUCH (no_touch)
⚠️ Bucket type filter not found, checking for alternative selectors...
🔍 Testing filter: LOW_TOUCH (low_touch)
⚠️ Bucket type filter not found, checking for alternative selectors...
🔍 Testing filter: MEDIUM_TOUCH (medium_touch)
⚠️ Bucket type filter not found, checking for alternative selectors...
🔍 Testing filter: HIGH_TOUCH (high_touch)
⚠️ Bucket type filter not found, checking for alternative selectors...
✅ Old bucket type "beginner" not found (good)
✅ Old bucket type "intermediate" not found (good)
✅ Old bucket type "advanced" not found (good)
✅ Old bucket type "expert" not found (good)
✅ Bucket type filtering test completed
✅ No errors detected during test execution
]]>
</system-out>
</testcase>
<testcase name="Error Reports List Integration Tests › should display reports with correct bucket type labels" classname="error-reports-list-integration.spec.ts" time="4.692">
<system-out>
<![CDATA[🔐 Setting up authentication...
✅ Authentication setup complete
🧪 Testing: Bucket type display...
✅ Old bucket label "Beginner" not found (good)
✅ Old bucket label "Intermediate" not found (good)
✅ Old bucket label "Advanced" not found (good)
✅ Old bucket label "Expert" not found (good)
✅ Bucket type display test completed
✅ No errors detected during test execution
]]>
</system-out>
</testcase>
<testcase name="Error Reports List Integration Tests › should handle API errors gracefully" classname="error-reports-list-integration.spec.ts" time="9.844">
<failure message="error-reports-list-integration.spec.ts:348:3 should handle API errors gracefully" type="FAILURE">
<![CDATA[  [chromium] › error-reports-list-integration.spec.ts:348:3 › Error Reports List Integration Tests › should handle API errors gracefully 

    Error: expect(locator).toBeVisible() failed

    Locator:  locator('text=Failed to load error reports')
    Expected: visible
    Received: <element(s) not found>
    Timeout:  5000ms

    Call log:
      - Expect "toBeVisible" with timeout 5000ms
      - waiting for locator('text=Failed to load error reports')


      363 |     // Check that error message is displayed
      364 |     const errorAlert = page.locator('text=Failed to load error reports');
    > 365 |     await expect(errorAlert).toBeVisible();
          |                              ^
      366 |     
      367 |     console.log('✅ API error handling test completed');
      368 |   });
        at /home/tan/Documents/augment-projects/rag-interface/frontend/e2e/error-reports-list-integration.spec.ts:365:30

    attachment #1: screenshot (image/png) ──────────────────────────────────────────────────────────
    ../test-results/error-reports-list-integra-f4e23-andle-API-errors-gracefully-chromium/test-failed-1.png
    ────────────────────────────────────────────────────────────────────────────────────────────────

    attachment #2: video (video/webm) ──────────────────────────────────────────────────────────────
    ../test-results/error-reports-list-integra-f4e23-andle-API-errors-gracefully-chromium/video.webm
    ────────────────────────────────────────────────────────────────────────────────────────────────
]]>
</failure>
<system-out>
<![CDATA[🔐 Setting up authentication...
✅ Authentication setup complete
🧪 Testing: API error handling...
✅ No errors detected during test execution

[[ATTACHMENT|../test-results/error-reports-list-integra-f4e23-andle-API-errors-gracefully-chromium/test-failed-1.png]]

[[ATTACHMENT|../test-results/error-reports-list-integra-f4e23-andle-API-errors-gracefully-chromium/video.webm]]
]]>
</system-out>
</testcase>
</testsuite>
</testsuites>